[0.051s] Invoking command in '/home/cdi/four_ws_ros2/build/four_ws_control': CMAKE_PREFIX_PATH=/opt/ros/humble /usr/bin/cmake /home/cdi/four_ws_ros2/src/four_ws_control -DCMAKE_INSTALL_PREFIX=/home/cdi/four_ws_ros2/install/four_ws_control
[0.172s] -- The C compiler identification is GNU 11.4.0
[0.446s] -- The CXX compiler identification is GNU 11.4.0
[0.616s] -- Detecting C compiler ABI info
[0.707s] -- Detecting C compiler ABI info - done
[0.711s] -- Check for working C compiler: /usr/bin/cc - skipped
[0.713s] -- Detecting C compile features
[0.714s] -- Detecting C compile features - done
[0.716s] -- Detecting CXX compiler ABI info
[0.794s] -- Detecting CXX compiler ABI info - done
[0.798s] -- Check for working CXX compiler: /usr/bin/c++ - skipped
[0.798s] -- Detecting CXX compile features
[0.798s] -- Detecting CXX compile features - done
[0.804s] -- Found ament_cmake: 1.3.7 (/opt/ros/humble/share/ament_cmake/cmake)
[0.896s] -- Found Python3: /usr/bin/python3.10 (found version "3.10.12") found components: Interpreter 
[0.962s] -- Found ament_lint_auto: 0.12.10 (/opt/ros/humble/share/ament_lint_auto/cmake)
[1.014s] -- Added test 'copyright' to check source files copyright and LICENSE
[1.015s] -- Added test 'flake8' to check Python code syntax and style conventions
[1.016s] -- Added test 'lint_cmake' to check CMake code style
[1.017s] -- Added test 'pep257' to check Python code against some of the docstring style conventions in PEP 257
[1.018s] -- Added test 'xmllint' to check XML markup files
[1.019s] -- Configuring done
[1.021s] -- Generating done
[1.021s] -- Build files have been written to: /home/cdi/four_ws_ros2/build/four_ws_control
[1.023s] Invoked command in '/home/cdi/four_ws_ros2/build/four_ws_control' returned '0': CMAKE_PREFIX_PATH=/opt/ros/humble /usr/bin/cmake /home/cdi/four_ws_ros2/src/four_ws_control -DCMAKE_INSTALL_PREFIX=/home/cdi/four_ws_ros2/install/four_ws_control
[1.024s] Invoking command in '/home/cdi/four_ws_ros2/build/four_ws_control': CMAKE_PREFIX_PATH=/opt/ros/humble /usr/bin/cmake --build /home/cdi/four_ws_ros2/build/four_ws_control -- -j20 -l20
[1.041s] Invoked command in '/home/cdi/four_ws_ros2/build/four_ws_control' returned '0': CMAKE_PREFIX_PATH=/opt/ros/humble /usr/bin/cmake --build /home/cdi/four_ws_ros2/build/four_ws_control -- -j20 -l20
[1.056s] Invoking command in '/home/cdi/four_ws_ros2/build/four_ws_control': CMAKE_PREFIX_PATH=/opt/ros/humble /usr/bin/cmake --install /home/cdi/four_ws_ros2/build/four_ws_control
[1.059s] -- Install configuration: ""
[1.059s] -- Installing: /home/cdi/four_ws_ros2/install/four_ws_control/share/four_ws_control//scripts
[1.059s] -- Installing: /home/cdi/four_ws_ros2/install/four_ws_control/share/four_ws_control//scripts/robot_control.py:Zone.Identifier
[1.059s] -- Installing: /home/cdi/four_ws_ros2/install/four_ws_control/share/four_ws_control//scripts/robot_control.py
[1.060s] -- Installing: /home/cdi/four_ws_ros2/install/four_ws_control/share/four_ws_control//launch
[1.060s] -- Installing: /home/cdi/four_ws_ros2/install/four_ws_control/share/four_ws_control//launch/four_ws_control.launch.py
[1.060s] -- Installing: /home/cdi/four_ws_ros2/install/four_ws_control/share/four_ws_control//launch/four_ws_control.launch.py:Zone.Identifier
[1.060s] -- Installing: /home/cdi/four_ws_ros2/install/four_ws_control/lib/four_ws_control/robot_control.py
[1.060s] -- Installing: /home/cdi/four_ws_ros2/install/four_ws_control/lib/four_ws_control/four_ws_control.launch.py
[1.060s] -- Installing: /home/cdi/four_ws_ros2/install/four_ws_control/share/ament_index/resource_index/package_run_dependencies/four_ws_control
[1.060s] -- Installing: /home/cdi/four_ws_ros2/install/four_ws_control/share/ament_index/resource_index/parent_prefix_path/four_ws_control
[1.060s] -- Installing: /home/cdi/four_ws_ros2/install/four_ws_control/share/four_ws_control/environment/ament_prefix_path.sh
[1.060s] -- Installing: /home/cdi/four_ws_ros2/install/four_ws_control/share/four_ws_control/environment/ament_prefix_path.dsv
[1.061s] -- Installing: /home/cdi/four_ws_ros2/install/four_ws_control/share/four_ws_control/environment/path.sh
[1.061s] -- Installing: /home/cdi/four_ws_ros2/install/four_ws_control/share/four_ws_control/environment/path.dsv
[1.061s] -- Installing: /home/cdi/four_ws_ros2/install/four_ws_control/share/four_ws_control/local_setup.bash
[1.061s] -- Installing: /home/cdi/four_ws_ros2/install/four_ws_control/share/four_ws_control/local_setup.sh
[1.061s] -- Installing: /home/cdi/four_ws_ros2/install/four_ws_control/share/four_ws_control/local_setup.zsh
[1.061s] -- Installing: /home/cdi/four_ws_ros2/install/four_ws_control/share/four_ws_control/local_setup.dsv
[1.061s] -- Installing: /home/cdi/four_ws_ros2/install/four_ws_control/share/four_ws_control/package.dsv
[1.061s] -- Installing: /home/cdi/four_ws_ros2/install/four_ws_control/share/ament_index/resource_index/packages/four_ws_control
[1.061s] -- Installing: /home/cdi/four_ws_ros2/install/four_ws_control/share/four_ws_control/cmake/four_ws_controlConfig.cmake
[1.061s] -- Installing: /home/cdi/four_ws_ros2/install/four_ws_control/share/four_ws_control/cmake/four_ws_controlConfig-version.cmake
[1.061s] -- Installing: /home/cdi/four_ws_ros2/install/four_ws_control/share/four_ws_control/package.xml
[1.063s] Invoked command in '/home/cdi/four_ws_ros2/build/four_ws_control' returned '0': CMAKE_PREFIX_PATH=/opt/ros/humble /usr/bin/cmake --install /home/cdi/four_ws_ros2/build/four_ws_control
