[0.028s] Invoking command in '/home/cdi/four_ws_ros2/build/gazebo_simulation': CMAKE_PREFIX_PATH=/opt/ros/humble /usr/bin/cmake /home/cdi/four_ws_ros2/src/gazebo_simulation -DCMAKE_INSTALL_PREFIX=/home/cdi/four_ws_ros2/install/gazebo_simulation
[0.148s] -- The C compiler identification is GNU 11.4.0
[0.423s] -- The CXX compiler identification is GNU 11.4.0
[0.592s] -- Detecting C compiler ABI info
[0.684s] -- Detecting C compiler ABI info - done
[0.688s] -- Check for working C compiler: /usr/bin/cc - skipped
[0.689s] -- Detecting C compile features
[0.690s] -- Detecting C compile features - done
[0.693s] -- Detecting CXX compiler ABI info
[0.770s] -- Detecting CXX compiler ABI info - done
[0.774s] -- Check for working CXX compiler: /usr/bin/c++ - skipped
[0.775s] -- Detecting CXX compile features
[0.775s] -- Detecting CXX compile features - done
[0.781s] -- Found ament_cmake: 1.3.7 (/opt/ros/humble/share/ament_cmake/cmake)
[0.872s] -- Found Python3: /usr/bin/python3.10 (found version "3.10.12") found components: Interpreter 
[0.943s] [33mCMake Warning (dev) at /usr/share/cmake-3.22/Modules/FindPackageHandleStandardArgs.cmake:438 (message):
[0.943s]   The package name passed to `find_package_handle_standard_args` (PkgConfig)
[0.943s]   does not match the name of the calling package (gazebo).  This can lead to
[0.943s]   problems in calling code that expects `find_package` result variables
[0.943s]   (e.g., `_FOUND`) to follow a certain pattern.
[0.943s] Call Stack (most recent call first):
[0.943s]   /usr/share/cmake-3.22/Modules/FindPkgConfig.cmake:99 (find_package_handle_standard_args)
[0.943s]   /usr/lib/x86_64-linux-gnu/cmake/gazebo/gazebo-config.cmake:72 (include)
[0.943s]   CMakeLists.txt:20 (find_package)
[0.943s] This warning is for project developers.  Use -Wno-dev to suppress it.
[0.943s] [0m
[0.943s] -- Found PkgConfig: /usr/bin/pkg-config (found version "0.29.2") 
[0.945s] -- Checking for module 'bullet>=2.82'
[0.951s] --   Found bullet, version 3.05
[1.025s] -- Found fcl: /usr/include (found suitable version "0.7.0", minimum required is "0.5.0") 
[1.046s] -- Found assimp: /usr/include (found version "5.2.0") 
[1.067s] -- Found DART: /usr/include (Required is at least version "6.6") found components: dart 
[1.284s] -- Found Boost: /usr/lib/x86_64-linux-gnu/cmake/Boost-1.74.0/BoostConfig.cmake (found suitable version "1.74.0", minimum required is "1.40.0") found components: thread system filesystem program_options regex iostreams date_time 
[1.609s] -- Found Protobuf: /usr/lib/x86_64-linux-gnu/libprotobuf.so (found version "3.12.4") 
[1.613s] -- Looking for ignition-math6 -- found version 6.15.1
[1.620s] -- Searching for dependencies of ignition-math6
[1.621s] -- Looking for OGRE...
[1.622s] -- OGRE_PREFIX_WATCH changed.
[1.624s] -- Checking for module 'OGRE'
[1.629s] --   Found OGRE, version 1.9.0
[1.642s] -- Found Ogre Ghadamon (1.9.0)
[1.966s] -- Found OGRE: optimized;/usr/lib/x86_64-linux-gnu/libOgreMain.so;debug;/usr/lib/x86_64-linux-gnu/libOgreMain.so
[1.972s] -- Looking for OGRE_Paging...
[2.246s] -- Found OGRE_Paging: optimized;/usr/lib/x86_64-linux-gnu/libOgrePaging.so;debug;/usr/lib/x86_64-linux-gnu/libOgrePaging.so
[2.246s] -- Looking for OGRE_Terrain...
[2.504s] -- Found OGRE_Terrain: optimized;/usr/lib/x86_64-linux-gnu/libOgreTerrain.so;debug;/usr/lib/x86_64-linux-gnu/libOgreTerrain.so
[2.504s] -- Looking for OGRE_Property...
[2.720s] -- Found OGRE_Property: optimized;/usr/lib/x86_64-linux-gnu/libOgreProperty.so;debug;/usr/lib/x86_64-linux-gnu/libOgreProperty.so
[2.721s] -- Looking for OGRE_RTShaderSystem...
[3.183s] -- Found OGRE_RTShaderSystem: optimized;/usr/lib/x86_64-linux-gnu/libOgreRTShaderSystem.so;debug;/usr/lib/x86_64-linux-gnu/libOgreRTShaderSystem.so
[3.183s] -- Looking for OGRE_Volume...
[3.621s] -- Found OGRE_Volume: optimized;/usr/lib/x86_64-linux-gnu/libOgreVolume.so;debug;/usr/lib/x86_64-linux-gnu/libOgreVolume.so
[3.621s] -- Looking for OGRE_Overlay...
[3.924s] -- Found OGRE_Overlay: optimized;/usr/lib/x86_64-linux-gnu/libOgreOverlay.so;debug;/usr/lib/x86_64-linux-gnu/libOgreOverlay.so
[19.612s] -- Looking for ignition-math6 -- found version 6.15.1
[19.613s] -- Looking for ignition-transport8 -- found version 8.2.1
[19.613s] -- Searching for dependencies of ignition-transport8
[20.619s] -- Found Protobuf: /usr/lib/x86_64-linux-gnu/libprotobuf.so (found suitable version "3.12.4", minimum required is "3") 
[23.718s] -- Config-file not installed for ZeroMQ -- checking for pkg-config
[23.721s] -- Checking for module 'libzmq >= 4'
[23.728s] --   Found libzmq , version 4.3.4
[23.741s] -- Found ZeroMQ: TRUE (Required is at least version "4") 
[23.908s] -- Checking for module 'uuid'
[23.914s] --   Found uuid, version 2.37.2
[23.926s] -- Found UUID: TRUE  
[23.928s] -- Looking for ignition-msgs5 -- found version 5.8.1
[23.928s] -- Searching for dependencies of ignition-msgs5
[26.159s] -- Looking for ignition-math6 -- found version 6.15.1
[26.163s] -- Checking for module 'tinyxml2'
[26.168s] --   Found tinyxml2, version 9.0.0
[26.181s] -- Looking for ignition-msgs5 -- found version 5.8.1
[26.182s] -- Looking for ignition-common3 -- found version 3.14.0
[26.183s] -- Searching for dependencies of ignition-common3
[26.199s] -- Looking for dlfcn.h - found
[26.221s] -- Looking for libdl - found
[26.222s] -- Found DL: TRUE  
[26.270s] -- Found tinyobjloader: /usr/lib/x86_64-linux-gnu/cmake/tinyobjloader/tinyobjloader-config.cmake (found version "2.0.0") 
[26.271s] -- Searching for <ignition-common3> component [graphics]
[26.272s] -- Looking for ignition-common3-graphics -- found version 3.14.0
[26.273s] -- Searching for dependencies of ignition-common3-graphics
[26.273s] -- Looking for ignition-math6 -- found version 6.15.1
[26.276s] -- Looking for ignition-fuel_tools4 -- found version 4.4.0
[26.276s] -- Searching for dependencies of ignition-fuel_tools4
[27.232s] -- Found CURL: /usr/lib/x86_64-linux-gnu/libcurl.so (found version "7.81.0")  
[27.238s] -- Checking for module 'jsoncpp'
[27.243s] --   Found jsoncpp, version 1.9.5
[27.256s] -- Found JSONCPP: TRUE  
[27.260s] -- Checking for module 'libzip'
[27.265s] --   Found libzip, version 1.7.3
[27.278s] -- Found ZIP: TRUE  
[27.278s] -- Looking for ignition-common3 -- found version 3.14.0
[27.278s] -- Looking for ignition-math6 -- found version 6.15.1
[27.278s] -- Looking for ignition-msgs5 -- found version 5.8.1
[27.282s] -- Found gazebo_ros_pkgs: 3.7.0 (/opt/ros/humble/share/gazebo_ros_pkgs/cmake)
[27.283s] -- Found geometry_msgs: 4.2.3 (/opt/ros/humble/share/geometry_msgs/cmake)
[27.348s] -- Found rosidl_generator_c: 3.1.5 (/opt/ros/humble/share/rosidl_generator_c/cmake)
[27.353s] -- Found rosidl_adapter: 3.1.5 (/opt/ros/humble/share/rosidl_adapter/cmake)
[27.361s] -- Found rosidl_generator_cpp: 3.1.5 (/opt/ros/humble/share/rosidl_generator_cpp/cmake)
[27.375s] -- Using all available rosidl_typesupport_c: rosidl_typesupport_fastrtps_c;rosidl_typesupport_introspection_c
[27.390s] -- Using all available rosidl_typesupport_cpp: rosidl_typesupport_fastrtps_cpp;rosidl_typesupport_introspection_cpp
[27.468s] -- Found rclcpp: 16.0.8 (/opt/ros/humble/share/rclcpp/cmake)
[27.514s] -- Found rmw_implementation_cmake: 6.1.1 (/opt/ros/humble/share/rmw_implementation_cmake/cmake)
[27.517s] -- Found rmw_fastrtps_cpp: 6.2.6 (/opt/ros/humble/share/rmw_fastrtps_cpp/cmake)
[28.363s] -- Found OpenSSL: /usr/lib/x86_64-linux-gnu/libcrypto.so (found version "3.0.2")  
[29.556s] -- Found FastRTPS: /opt/ros/humble/include  
[31.525s] -- Using RMW implementation 'rmw_fastrtps_cpp' as default
[31.533s] -- Found Threads: TRUE  
[31.616s] -- Found sensor_msgs: 4.2.3 (/opt/ros/humble/share/sensor_msgs/cmake)
[31.672s] -- Found tf2: 0.25.5 (/opt/ros/humble/share/tf2/cmake)
[31.717s] -- Configuring done
[31.720s] -- Generating done
[31.721s] -- Build files have been written to: /home/cdi/four_ws_ros2/build/gazebo_simulation
[31.729s] Invoked command in '/home/cdi/four_ws_ros2/build/gazebo_simulation' returned '0': CMAKE_PREFIX_PATH=/opt/ros/humble /usr/bin/cmake /home/cdi/four_ws_ros2/src/gazebo_simulation -DCMAKE_INSTALL_PREFIX=/home/cdi/four_ws_ros2/install/gazebo_simulation
[31.730s] Invoking command in '/home/cdi/four_ws_ros2/build/gazebo_simulation': CMAKE_PREFIX_PATH=/opt/ros/humble /usr/bin/cmake --build /home/cdi/four_ws_ros2/build/gazebo_simulation -- -j20 -l20
[31.749s] Invoked command in '/home/cdi/four_ws_ros2/build/gazebo_simulation' returned '0': CMAKE_PREFIX_PATH=/opt/ros/humble /usr/bin/cmake --build /home/cdi/four_ws_ros2/build/gazebo_simulation -- -j20 -l20
[31.758s] Invoking command in '/home/cdi/four_ws_ros2/build/gazebo_simulation': CMAKE_PREFIX_PATH=/opt/ros/humble /usr/bin/cmake --install /home/cdi/four_ws_ros2/build/gazebo_simulation
[31.761s] -- Install configuration: ""
[31.761s] -- Installing: /home/cdi/four_ws_ros2/install/gazebo_simulation/share/gazebo_simulation//launch
[31.762s] -- Installing: /home/cdi/four_ws_ros2/install/gazebo_simulation/share/gazebo_simulation//launch/robot_sim.launch.py
[31.762s] -- Installing: /home/cdi/four_ws_ros2/install/gazebo_simulation/share/gazebo_simulation//launch/robot_state_publisher.launch.py
[31.762s] -- Installing: /home/cdi/four_ws_ros2/install/gazebo_simulation/share/gazebo_simulation//launch/robot_state_publisher.launch.py:Zone.Identifier
[31.762s] -- Installing: /home/cdi/four_ws_ros2/install/gazebo_simulation/share/gazebo_simulation//launch/robot_sim.launch.py:Zone.Identifier
[31.762s] -- Installing: /home/cdi/four_ws_ros2/install/gazebo_simulation/share/gazebo_simulation//models
[31.762s] -- Installing: /home/cdi/four_ws_ros2/install/gazebo_simulation/share/gazebo_simulation//models/rs_robot
[31.762s] -- Installing: /home/cdi/four_ws_ros2/install/gazebo_simulation/share/gazebo_simulation//models/rs_robot/model.config:Zone.Identifier
[31.762s] -- Installing: /home/cdi/four_ws_ros2/install/gazebo_simulation/share/gazebo_simulation//models/rs_robot/rs_robot.sdf:Zone.Identifier
[31.762s] -- Installing: /home/cdi/four_ws_ros2/install/gazebo_simulation/share/gazebo_simulation//models/rs_robot/model.config
[31.762s] -- Installing: /home/cdi/four_ws_ros2/install/gazebo_simulation/share/gazebo_simulation//models/rs_robot/config
[31.762s] -- Installing: /home/cdi/four_ws_ros2/install/gazebo_simulation/share/gazebo_simulation//models/rs_robot/config/controllers.yaml:Zone.Identifier
[31.762s] -- Installing: /home/cdi/four_ws_ros2/install/gazebo_simulation/share/gazebo_simulation//models/rs_robot/config/controllers.yaml
[31.762s] -- Installing: /home/cdi/four_ws_ros2/install/gazebo_simulation/share/gazebo_simulation//models/rs_robot/meshes
[31.762s] -- Installing: /home/cdi/four_ws_ros2/install/gazebo_simulation/share/gazebo_simulation//models/rs_robot/meshes/DAE
[31.762s] -- Installing: /home/cdi/four_ws_ros2/install/gazebo_simulation/share/gazebo_simulation//models/rs_robot/meshes/DAE/wheel
[31.763s] -- Installing: /home/cdi/four_ws_ros2/install/gazebo_simulation/share/gazebo_simulation//models/rs_robot/meshes/DAE/wheel/wheel_link.dae:Zone.Identifier
[31.763s] -- Installing: /home/cdi/four_ws_ros2/install/gazebo_simulation/share/gazebo_simulation//models/rs_robot/meshes/DAE/wheel/wheel_link.dae
[31.763s] -- Installing: /home/cdi/four_ws_ros2/install/gazebo_simulation/share/gazebo_simulation//models/rs_robot/meshes/DAE/suspension
[31.763s] -- Installing: /home/cdi/four_ws_ros2/install/gazebo_simulation/share/gazebo_simulation//models/rs_robot/meshes/DAE/suspension/rear_left_link.dae:Zone.Identifier
[31.763s] -- Installing: /home/cdi/four_ws_ros2/install/gazebo_simulation/share/gazebo_simulation//models/rs_robot/meshes/DAE/suspension/rear_right_link.dae:Zone.Identifier
[31.763s] -- Installing: /home/cdi/four_ws_ros2/install/gazebo_simulation/share/gazebo_simulation//models/rs_robot/meshes/DAE/suspension/rear_left_link.dae
[31.765s] -- Installing: /home/cdi/four_ws_ros2/install/gazebo_simulation/share/gazebo_simulation//models/rs_robot/meshes/DAE/suspension/front_left_link.dae
[31.766s] -- Installing: /home/cdi/four_ws_ros2/install/gazebo_simulation/share/gazebo_simulation//models/rs_robot/meshes/DAE/suspension/front_right_link.dae
[31.767s] -- Installing: /home/cdi/four_ws_ros2/install/gazebo_simulation/share/gazebo_simulation//models/rs_robot/meshes/DAE/suspension/front_left_link.dae:Zone.Identifier
[31.767s] -- Installing: /home/cdi/four_ws_ros2/install/gazebo_simulation/share/gazebo_simulation//models/rs_robot/meshes/DAE/suspension/front_right_link.dae:Zone.Identifier
[31.767s] -- Installing: /home/cdi/four_ws_ros2/install/gazebo_simulation/share/gazebo_simulation//models/rs_robot/meshes/DAE/suspension/rear_right_link.dae
[31.768s] -- Installing: /home/cdi/four_ws_ros2/install/gazebo_simulation/share/gazebo_simulation//models/rs_robot/meshes/DAE/base
[31.768s] -- Installing: /home/cdi/four_ws_ros2/install/gazebo_simulation/share/gazebo_simulation//models/rs_robot/meshes/DAE/base/base_linkOLD.dae
[31.774s] -- Installing: /home/cdi/four_ws_ros2/install/gazebo_simulation/share/gazebo_simulation//models/rs_robot/meshes/DAE/base/base_link.dae
[31.780s] -- Installing: /home/cdi/four_ws_ros2/install/gazebo_simulation/share/gazebo_simulation//models/rs_robot/meshes/DAE/base/base_linkOLD.dae:Zone.Identifier
[31.780s] -- Installing: /home/cdi/four_ws_ros2/install/gazebo_simulation/share/gazebo_simulation//models/rs_robot/meshes/DAE/base/base_link.dae:Zone.Identifier
[31.780s] -- Installing: /home/cdi/four_ws_ros2/install/gazebo_simulation/share/gazebo_simulation//models/rs_robot/meshes/DAE/lidar_base
[31.780s] -- Installing: /home/cdi/four_ws_ros2/install/gazebo_simulation/share/gazebo_simulation//models/rs_robot/meshes/DAE/lidar_base/YDlidar_base.dae
[31.781s] -- Installing: /home/cdi/four_ws_ros2/install/gazebo_simulation/share/gazebo_simulation//models/rs_robot/meshes/DAE/lidar_base/YDlidar_base.dae:Zone.Identifier
[31.781s] -- Installing: /home/cdi/four_ws_ros2/install/gazebo_simulation/share/gazebo_simulation//models/rs_robot/meshes/DAE/sensors
[31.781s] -- Installing: /home/cdi/four_ws_ros2/install/gazebo_simulation/share/gazebo_simulation//models/rs_robot/meshes/DAE/sensors/gps
[31.781s] -- Installing: /home/cdi/four_ws_ros2/install/gazebo_simulation/share/gazebo_simulation//models/rs_robot/meshes/DAE/sensors/gps/gps.dae
[31.784s] -- Installing: /home/cdi/four_ws_ros2/install/gazebo_simulation/share/gazebo_simulation//models/rs_robot/meshes/DAE/sensors/gps/gps_texture.png
[31.784s] -- Installing: /home/cdi/four_ws_ros2/install/gazebo_simulation/share/gazebo_simulation//models/rs_robot/meshes/DAE/sensors/gps/gps.dae:Zone.Identifier
[31.784s] -- Installing: /home/cdi/four_ws_ros2/install/gazebo_simulation/share/gazebo_simulation//models/rs_robot/meshes/DAE/sensors/gps/gps_texture.png:Zone.Identifier
[31.784s] -- Installing: /home/cdi/four_ws_ros2/install/gazebo_simulation/share/gazebo_simulation//models/rs_robot/meshes/DAE/sensors/front_lrf
[31.784s] -- Installing: /home/cdi/four_ws_ros2/install/gazebo_simulation/share/gazebo_simulation//models/rs_robot/meshes/DAE/sensors/front_lrf/lrf_texture.png
[31.784s] -- Installing: /home/cdi/four_ws_ros2/install/gazebo_simulation/share/gazebo_simulation//models/rs_robot/meshes/DAE/sensors/front_lrf/front_lrf.dae
[31.794s] -- Installing: /home/cdi/four_ws_ros2/install/gazebo_simulation/share/gazebo_simulation//models/rs_robot/meshes/DAE/sensors/front_lrf/lrf_texture.png:Zone.Identifier
[31.794s] -- Installing: /home/cdi/four_ws_ros2/install/gazebo_simulation/share/gazebo_simulation//models/rs_robot/meshes/DAE/sensors/front_lrf/front_lrf.dae:Zone.Identifier
[31.794s] -- Installing: /home/cdi/four_ws_ros2/install/gazebo_simulation/share/gazebo_simulation//models/rs_robot/meshes/DAE/sensors/gim30
[31.795s] -- Installing: /home/cdi/four_ws_ros2/install/gazebo_simulation/share/gazebo_simulation//models/rs_robot/meshes/DAE/sensors/gim30/gim30_lrf_texture.png
[31.795s] -- Installing: /home/cdi/four_ws_ros2/install/gazebo_simulation/share/gazebo_simulation//models/rs_robot/meshes/DAE/sensors/gim30/gim30.dae:Zone.Identifier
[31.795s] -- Installing: /home/cdi/four_ws_ros2/install/gazebo_simulation/share/gazebo_simulation//models/rs_robot/meshes/DAE/sensors/gim30/gim30.dae
[31.808s] -- Installing: /home/cdi/four_ws_ros2/install/gazebo_simulation/share/gazebo_simulation//models/rs_robot/meshes/DAE/sensors/gim30/gim30_lrf_texture.png:Zone.Identifier
[31.808s] -- Installing: /home/cdi/four_ws_ros2/install/gazebo_simulation/share/gazebo_simulation//models/rs_robot/meshes/DAE/sensors/rear_lrf
[31.808s] -- Installing: /home/cdi/four_ws_ros2/install/gazebo_simulation/share/gazebo_simulation//models/rs_robot/meshes/DAE/sensors/rear_lrf/rear_lrf.dae:Zone.Identifier
[31.808s] -- Installing: /home/cdi/four_ws_ros2/install/gazebo_simulation/share/gazebo_simulation//models/rs_robot/meshes/DAE/sensors/rear_lrf/urg_texture.png:Zone.Identifier
[31.808s] -- Installing: /home/cdi/four_ws_ros2/install/gazebo_simulation/share/gazebo_simulation//models/rs_robot/meshes/DAE/sensors/rear_lrf/urg_texture.png
[31.809s] -- Installing: /home/cdi/four_ws_ros2/install/gazebo_simulation/share/gazebo_simulation//models/rs_robot/meshes/DAE/sensors/rear_lrf/rear_lrf.dae
[31.810s] -- Installing: /home/cdi/four_ws_ros2/install/gazebo_simulation/share/gazebo_simulation//models/rs_robot/meshes/DAE/sensors/camera
[31.810s] -- Installing: /home/cdi/four_ws_ros2/install/gazebo_simulation/share/gazebo_simulation//models/rs_robot/meshes/DAE/sensors/camera/camera.dae:Zone.Identifier
[31.810s] -- Installing: /home/cdi/four_ws_ros2/install/gazebo_simulation/share/gazebo_simulation//models/rs_robot/meshes/DAE/sensors/camera/camera.dae
[31.810s] -- Installing: /home/cdi/four_ws_ros2/install/gazebo_simulation/share/gazebo_simulation//models/rs_robot/meshes/DAE/lidar_head
[31.810s] -- Installing: /home/cdi/four_ws_ros2/install/gazebo_simulation/share/gazebo_simulation//models/rs_robot/meshes/DAE/lidar_head/YDlidar_head.dae
[31.810s] -- Installing: /home/cdi/four_ws_ros2/install/gazebo_simulation/share/gazebo_simulation//models/rs_robot/meshes/DAE/lidar_head/YDlidar_head.dae:Zone.Identifier
[31.810s] -- Installing: /home/cdi/four_ws_ros2/install/gazebo_simulation/share/gazebo_simulation//models/rs_robot/meshes/STL
[31.810s] -- Installing: /home/cdi/four_ws_ros2/install/gazebo_simulation/share/gazebo_simulation//models/rs_robot/meshes/STL/wheel
[31.810s] -- Installing: /home/cdi/four_ws_ros2/install/gazebo_simulation/share/gazebo_simulation//models/rs_robot/meshes/STL/wheel/robot_wheel.stl:Zone.Identifier
[31.810s] -- Installing: /home/cdi/four_ws_ros2/install/gazebo_simulation/share/gazebo_simulation//models/rs_robot/meshes/STL/wheel/robot_wheel.stl
[31.811s] -- Installing: /home/cdi/four_ws_ros2/install/gazebo_simulation/share/gazebo_simulation//models/rs_robot/meshes/STL/suspension
[31.811s] -- Installing: /home/cdi/four_ws_ros2/install/gazebo_simulation/share/gazebo_simulation//models/rs_robot/meshes/STL/suspension/FRONT_RIGHT_LINKSTL.stl:Zone.Identifier
[31.811s] -- Installing: /home/cdi/four_ws_ros2/install/gazebo_simulation/share/gazebo_simulation//models/rs_robot/meshes/STL/suspension/REAR_RIGHT_LINKSTL.stl:Zone.Identifier
[31.811s] -- Installing: /home/cdi/four_ws_ros2/install/gazebo_simulation/share/gazebo_simulation//models/rs_robot/meshes/STL/suspension/FRONT_RIGHT_LINKSTL.stl
[31.811s] -- Installing: /home/cdi/four_ws_ros2/install/gazebo_simulation/share/gazebo_simulation//models/rs_robot/meshes/STL/suspension/FRONT_LEFT_LINKSTL.stl
[31.811s] -- Installing: /home/cdi/four_ws_ros2/install/gazebo_simulation/share/gazebo_simulation//models/rs_robot/meshes/STL/suspension/FRONT_LEFT_LINKSTL.stl:Zone.Identifier
[31.811s] -- Installing: /home/cdi/four_ws_ros2/install/gazebo_simulation/share/gazebo_simulation//models/rs_robot/meshes/STL/suspension/REAR_RIGHT_LINKSTL.stl
[31.812s] -- Installing: /home/cdi/four_ws_ros2/install/gazebo_simulation/share/gazebo_simulation//models/rs_robot/meshes/STL/suspension/REAR_LEFT_LINKSTL.stl:Zone.Identifier
[31.812s] -- Installing: /home/cdi/four_ws_ros2/install/gazebo_simulation/share/gazebo_simulation//models/rs_robot/meshes/STL/suspension/REAR_LEFT_LINKSTL.stl
[31.812s] -- Installing: /home/cdi/four_ws_ros2/install/gazebo_simulation/share/gazebo_simulation//models/rs_robot/meshes/STL/suspension/sus_link.stl
[31.813s] -- Installing: /home/cdi/four_ws_ros2/install/gazebo_simulation/share/gazebo_simulation//models/rs_robot/meshes/STL/suspension/sus_link.stl:Zone.Identifier
[31.813s] -- Installing: /home/cdi/four_ws_ros2/install/gazebo_simulation/share/gazebo_simulation//models/rs_robot/meshes/STL/base
[31.813s] -- Installing: /home/cdi/four_ws_ros2/install/gazebo_simulation/share/gazebo_simulation//models/rs_robot/meshes/STL/base/base_link.stl
[31.813s] -- Installing: /home/cdi/four_ws_ros2/install/gazebo_simulation/share/gazebo_simulation//models/rs_robot/meshes/STL/base/base_link_old.stl
[31.813s] -- Installing: /home/cdi/four_ws_ros2/install/gazebo_simulation/share/gazebo_simulation//models/rs_robot/meshes/STL/base/base_link.stl:Zone.Identifier
[31.813s] -- Installing: /home/cdi/four_ws_ros2/install/gazebo_simulation/share/gazebo_simulation//models/rs_robot/meshes/STL/base/base_link_old.stl:Zone.Identifier
[31.813s] -- Installing: /home/cdi/four_ws_ros2/install/gazebo_simulation/share/gazebo_simulation//models/rs_robot/meshes/STL/lidar_base
[31.813s] -- Installing: /home/cdi/four_ws_ros2/install/gazebo_simulation/share/gazebo_simulation//models/rs_robot/meshes/STL/lidar_base/YDlidar_base.stl:Zone.Identifier
[31.813s] -- Installing: /home/cdi/four_ws_ros2/install/gazebo_simulation/share/gazebo_simulation//models/rs_robot/meshes/STL/lidar_base/YDlidar_base.stl
[31.814s] -- Installing: /home/cdi/four_ws_ros2/install/gazebo_simulation/share/gazebo_simulation//models/rs_robot/meshes/STL/sensors
[31.814s] -- Installing: /home/cdi/four_ws_ros2/install/gazebo_simulation/share/gazebo_simulation//models/rs_robot/meshes/STL/sensors/gps
[31.814s] -- Installing: /home/cdi/four_ws_ros2/install/gazebo_simulation/share/gazebo_simulation//models/rs_robot/meshes/STL/sensors/gps/gps.stl:Zone.Identifier
[31.814s] -- Installing: /home/cdi/four_ws_ros2/install/gazebo_simulation/share/gazebo_simulation//models/rs_robot/meshes/STL/sensors/gps/gps.stl
[31.815s] -- Installing: /home/cdi/four_ws_ros2/install/gazebo_simulation/share/gazebo_simulation//models/rs_robot/meshes/STL/sensors/front_lrf
[31.815s] -- Installing: /home/cdi/four_ws_ros2/install/gazebo_simulation/share/gazebo_simulation//models/rs_robot/meshes/STL/sensors/front_lrf/front_lrf.stl
[31.818s] -- Installing: /home/cdi/four_ws_ros2/install/gazebo_simulation/share/gazebo_simulation//models/rs_robot/meshes/STL/sensors/front_lrf/front_lrf.stl:Zone.Identifier
[31.819s] -- Installing: /home/cdi/four_ws_ros2/install/gazebo_simulation/share/gazebo_simulation//models/rs_robot/meshes/STL/sensors/gim30
[31.819s] -- Installing: /home/cdi/four_ws_ros2/install/gazebo_simulation/share/gazebo_simulation//models/rs_robot/meshes/STL/sensors/gim30/gim30.stl
[31.824s] -- Installing: /home/cdi/four_ws_ros2/install/gazebo_simulation/share/gazebo_simulation//models/rs_robot/meshes/STL/sensors/gim30/gim30.stl:Zone.Identifier
[31.824s] -- Installing: /home/cdi/four_ws_ros2/install/gazebo_simulation/share/gazebo_simulation//models/rs_robot/meshes/STL/sensors/rear_lrf
[31.824s] -- Installing: /home/cdi/four_ws_ros2/install/gazebo_simulation/share/gazebo_simulation//models/rs_robot/meshes/STL/sensors/rear_lrf/rear_lrf.stl:Zone.Identifier
[31.824s] -- Installing: /home/cdi/four_ws_ros2/install/gazebo_simulation/share/gazebo_simulation//models/rs_robot/meshes/STL/sensors/rear_lrf/rear_lrf.stl
[31.824s] -- Installing: /home/cdi/four_ws_ros2/install/gazebo_simulation/share/gazebo_simulation//models/rs_robot/meshes/STL/sensors/camera
[31.824s] -- Installing: /home/cdi/four_ws_ros2/install/gazebo_simulation/share/gazebo_simulation//models/rs_robot/meshes/STL/lidar_head
[31.824s] -- Installing: /home/cdi/four_ws_ros2/install/gazebo_simulation/share/gazebo_simulation//models/rs_robot/meshes/STL/lidar_head/YDlidar_head v4.stl
[31.824s] -- Installing: /home/cdi/four_ws_ros2/install/gazebo_simulation/share/gazebo_simulation//models/rs_robot/meshes/STL/lidar_head/YDlidar_head v4.stl:Zone.Identifier
[31.824s] -- Installing: /home/cdi/four_ws_ros2/install/gazebo_simulation/share/gazebo_simulation//models/rs_robot/rs_robot.sdf
[31.824s] -- Installing: /home/cdi/four_ws_ros2/install/gazebo_simulation/share/gazebo_simulation//worlds
[31.825s] -- Installing: /home/cdi/four_ws_ros2/install/gazebo_simulation/share/gazebo_simulation//worlds/4ws_world.model:Zone.Identifier
[31.825s] -- Installing: /home/cdi/four_ws_ros2/install/gazebo_simulation/share/gazebo_simulation//worlds/4ws_world.model
[31.825s] -- Installing: /home/cdi/four_ws_ros2/install/gazebo_simulation/share/gazebo_simulation//urdf
[31.825s] -- Installing: /home/cdi/four_ws_ros2/install/gazebo_simulation/share/gazebo_simulation//urdf/rs_robot.urdf:Zone.Identifier
[31.825s] -- Installing: /home/cdi/four_ws_ros2/install/gazebo_simulation/share/gazebo_simulation//urdf/rs_robot.urdf
[31.825s] -- Installing: /home/cdi/four_ws_ros2/install/gazebo_simulation/lib/gazebo_simulation/robot_sim.launch.py
[31.825s] -- Installing: /home/cdi/four_ws_ros2/install/gazebo_simulation/lib/gazebo_simulation/robot_state_publisher.launch.py
[31.825s] -- Installing: /home/cdi/four_ws_ros2/install/gazebo_simulation/share/ament_index/resource_index/package_run_dependencies/gazebo_simulation
[31.825s] -- Installing: /home/cdi/four_ws_ros2/install/gazebo_simulation/share/ament_index/resource_index/parent_prefix_path/gazebo_simulation
[31.825s] -- Installing: /home/cdi/four_ws_ros2/install/gazebo_simulation/share/gazebo_simulation/environment/ament_prefix_path.sh
[31.826s] -- Installing: /home/cdi/four_ws_ros2/install/gazebo_simulation/share/gazebo_simulation/environment/ament_prefix_path.dsv
[31.826s] -- Installing: /home/cdi/four_ws_ros2/install/gazebo_simulation/share/gazebo_simulation/environment/path.sh
[31.826s] -- Installing: /home/cdi/four_ws_ros2/install/gazebo_simulation/share/gazebo_simulation/environment/path.dsv
[31.826s] -- Installing: /home/cdi/four_ws_ros2/install/gazebo_simulation/share/gazebo_simulation/local_setup.bash
[31.826s] -- Installing: /home/cdi/four_ws_ros2/install/gazebo_simulation/share/gazebo_simulation/local_setup.sh
[31.826s] -- Installing: /home/cdi/four_ws_ros2/install/gazebo_simulation/share/gazebo_simulation/local_setup.zsh
[31.826s] -- Installing: /home/cdi/four_ws_ros2/install/gazebo_simulation/share/gazebo_simulation/local_setup.dsv
[31.826s] -- Installing: /home/cdi/four_ws_ros2/install/gazebo_simulation/share/gazebo_simulation/package.dsv
[31.826s] -- Installing: /home/cdi/four_ws_ros2/install/gazebo_simulation/share/ament_index/resource_index/packages/gazebo_simulation
[31.826s] -- Installing: /home/cdi/four_ws_ros2/install/gazebo_simulation/share/gazebo_simulation/cmake/ament_cmake_export_include_directories-extras.cmake
[31.826s] -- Installing: /home/cdi/four_ws_ros2/install/gazebo_simulation/share/gazebo_simulation/cmake/ament_cmake_export_dependencies-extras.cmake
[31.826s] -- Installing: /home/cdi/four_ws_ros2/install/gazebo_simulation/share/gazebo_simulation/cmake/gazebo_simulationConfig.cmake
[31.826s] -- Installing: /home/cdi/four_ws_ros2/install/gazebo_simulation/share/gazebo_simulation/cmake/gazebo_simulationConfig-version.cmake
[31.826s] -- Installing: /home/cdi/four_ws_ros2/install/gazebo_simulation/share/gazebo_simulation/package.xml
[31.828s] Invoked command in '/home/cdi/four_ws_ros2/build/gazebo_simulation' returned '0': CMAKE_PREFIX_PATH=/opt/ros/humble /usr/bin/cmake --install /home/cdi/four_ws_ros2/build/gazebo_simulation
