Determining if the pthread_create exist failed with the following output:
Change Dir: /home/cdi/docker_ws/20221118_KIMM_LQR_MPC_Gazebo/build/CMakeFiles/CMakeTmp

Run Build Command:"/usr/bin/make" "cmTC_ef53c/fast"
/usr/bin/make -f CMakeFiles/cmTC_ef53c.dir/build.make CMakeFiles/cmTC_ef53c.dir/build
make[1]: Entering directory '/home/cdi/docker_ws/20221118_KIMM_LQR_MPC_Gazebo/build/CMakeFiles/CMakeTmp'
Building C object CMakeFiles/cmTC_ef53c.dir/CheckSymbolExists.c.o
/usr/bin/cc    -o CMakeFiles/cmTC_ef53c.dir/CheckSymbolExists.c.o   -c /home/cdi/docker_ws/20221118_KIMM_LQR_MPC_Gazebo/build/CMakeFiles/CMakeTmp/CheckSymbolExists.c
Linking C executable cmTC_ef53c
/usr/bin/cmake -E cmake_link_script CMakeFiles/cmTC_ef53c.dir/link.txt --verbose=1
/usr/bin/cc      -rdynamic CMakeFiles/cmTC_ef53c.dir/CheckSymbolExists.c.o  -o cmTC_ef53c 
CMakeFiles/cmTC_ef53c.dir/CheckSymbolExists.c.o: In function `main':
CheckSymbolExists.c:(.text+0x1b): undefined reference to `pthread_create'
collect2: error: ld returned 1 exit status
CMakeFiles/cmTC_ef53c.dir/build.make:97: recipe for target 'cmTC_ef53c' failed
make[1]: *** [cmTC_ef53c] Error 1
make[1]: Leaving directory '/home/cdi/docker_ws/20221118_KIMM_LQR_MPC_Gazebo/build/CMakeFiles/CMakeTmp'
Makefile:126: recipe for target 'cmTC_ef53c/fast' failed
make: *** [cmTC_ef53c/fast] Error 2

File /home/cdi/docker_ws/20221118_KIMM_LQR_MPC_Gazebo/build/CMakeFiles/CMakeTmp/CheckSymbolExists.c:
/* */
#include <pthread.h>

int main(int argc, char** argv)
{
  (void)argv;
#ifndef pthread_create
  return ((int*)(&pthread_create))[argc];
#else
  (void)argc;
  return 0;
#endif
}

Determining if the function pthread_create exists in the pthreads failed with the following output:
Change Dir: /home/cdi/docker_ws/20221118_KIMM_LQR_MPC_Gazebo/build/CMakeFiles/CMakeTmp

Run Build Command:"/usr/bin/make" "cmTC_039e7/fast"
/usr/bin/make -f CMakeFiles/cmTC_039e7.dir/build.make CMakeFiles/cmTC_039e7.dir/build
make[1]: Entering directory '/home/cdi/docker_ws/20221118_KIMM_LQR_MPC_Gazebo/build/CMakeFiles/CMakeTmp'
Building C object CMakeFiles/cmTC_039e7.dir/CheckFunctionExists.c.o
/usr/bin/cc   -DCHECK_FUNCTION_EXISTS=pthread_create   -o CMakeFiles/cmTC_039e7.dir/CheckFunctionExists.c.o   -c /usr/share/cmake-3.10/Modules/CheckFunctionExists.c
Linking C executable cmTC_039e7
/usr/bin/cmake -E cmake_link_script CMakeFiles/cmTC_039e7.dir/link.txt --verbose=1
/usr/bin/cc  -DCHECK_FUNCTION_EXISTS=pthread_create    -rdynamic CMakeFiles/cmTC_039e7.dir/CheckFunctionExists.c.o  -o cmTC_039e7 -lpthreads 
/usr/bin/ld: cannot find -lpthreads
collect2: error: ld returned 1 exit status
CMakeFiles/cmTC_039e7.dir/build.make:97: recipe for target 'cmTC_039e7' failed
make[1]: *** [cmTC_039e7] Error 1
make[1]: Leaving directory '/home/cdi/docker_ws/20221118_KIMM_LQR_MPC_Gazebo/build/CMakeFiles/CMakeTmp'
Makefile:126: recipe for target 'cmTC_039e7/fast' failed
make: *** [cmTC_039e7/fast] Error 2


